PHP Warning:  require(C:/xampp/htdocs/rpb/src/config.php): failed to open stream: No such file or directory in /var/www/html/rpb/src/background/logging.php on line 4
PHP Fatal error:  require(): Failed opening required 'C:/xampp/htdocs/rpb/src/config.php' (include_path='.:/usr/share/php') in /var/www/html/rpb/src/background/logging.php on line 4
PHP Warning:  require(C:/xampp/htdocs/rpb/src/config.php): failed to open stream: No such file or directory in /var/www/html/rpb/src/background/logging.php on line 4
PHP Fatal error:  require(): Failed opening required 'C:/xampp/htdocs/rpb/src/config.php' (include_path='.:/usr/share/php') in /var/www/html/rpb/src/background/logging.php on line 4
PHP Warning:  require(C:/xampp/htdocs/rpb/src/config.php): failed to open stream: No such file or directory in /var/www/html/rpb/src/background/logging.php on line 4
PHP Fatal error:  require(): Failed opening required 'C:/xampp/htdocs/rpb/src/config.php' (include_path='.:/usr/share/php') in /var/www/html/rpb/src/background/logging.php on line 4
PHP Warning:  require(C:/xampp/htdocs/rpb/src/config.php): failed to open stream: No such file or directory in /var/www/html/rpb/src/background/logging.php on line 4
PHP Fatal error:  require(): Failed opening required 'C:/xampp/htdocs/rpb/src/config.php' (include_path='.:/usr/share/php') in /var/www/html/rpb/src/background/logging.php on line 4
PHP Warning:  require(C:/xampp/htdocs/rpb/src/config.php): failed to open stream: No such file or directory in /var/www/html/rpb/src/background/logging.php on line 4
PHP Fatal error:  require(): Failed opening required 'C:/xampp/htdocs/rpb/src/config.php' (include_path='.:/usr/share/php') in /var/www/html/rpb/src/background/logging.php on line 4

	
	
	PHP Notice:  fwrite(): send of 2 bytes failed with errno=32 Broken pipe in /var/www/html/rpb/src/reference/phpMQTT/phpMQTT.php on line 215

	
	
	PHP Notice:  fwrite(): send of 2 bytes failed with errno=32 Broken pipe in /var/www/html/rpb/src/reference/phpMQTT/phpMQTT.php on line 215
PHP Notice:  fwrite(): send of 2 bytes failed with errno=32 Broken pipe in /var/www/html/rpb/src/reference/phpMQTT/phpMQTT.php on line 215
PHP Notice:  fwrite(): send of 2 bytes failed with errno=32 Broken pipe in /var/www/html/rpb/src/reference/phpMQTT/phpMQTT.php on line 215
PHP Notice:  fwrite(): send of 2 bytes failed with errno=32 Broken pipe in /var/www/html/rpb/src/reference/phpMQTT/phpMQTT.php on line 215
PHP Notice:  fwrite(): send of 2 bytes failed with errno=32 Broken pipe in /var/www/html/rpb/src/reference/phpMQTT/phpMQTT.php on line 215
PHP Notice:  fwrite(): send of 2 bytes failed with errno=32 Broken pipe in /var/www/html/rpb/src/reference/phpMQTT/phpMQTT.php on line 215
PHP Notice:  fwrite(): send of 2 bytes failed with errno=32 Broken pipe in /var/www/html/rpb/src/reference/phpMQTT/phpMQTT.php on line 215
PHP Notice:  fwrite(): send of 2 bytes failed with errno=32 Broken pipe in /var/www/html/rpb/src/reference/phpMQTT/phpMQTT.php on line 215
PHP Notice:  fwrite(): send of 2 bytes failed with errno=32 Broken pipe in /var/www/html/rpb/src/reference/phpMQTT/phpMQTT.php on line 215
PHP Notice:  fwrite(): send of 2 bytes failed with errno=32 Broken pipe in /var/www/html/rpb/src/reference/phpMQTT/phpMQTT.php on line 215
PHP Notice:  fwrite(): send of 2 bytes failed with errno=32 Broken pipe in /var/www/html/rpb/src/reference/phpMQTT/phpMQTT.php on line 215
PHP Notice:  fwrite(): send of 2 bytes failed with errno=32 Broken pipe in /var/www/html/rpb/src/reference/phpMQTT/phpMQTT.php on line 215
PHP Notice:  fwrite(): send of 2 bytes failed with errno=32 Broken pipe in /var/www/html/rpb/src/reference/phpMQTT/phpMQTT.php on line 215
PHP Notice:  fwrite(): send of 2 bytes failed with errno=32 Broken pipe in /var/www/html/rpb/src/reference/phpMQTT/phpMQTT.php on line 215
PHP Notice:  fwrite(): send of 2 bytes failed with errno=32 Broken pipe in /var/www/html/rpb/src/reference/phpMQTT/phpMQTT.php on line 215

	
	PHP Notice:  Undefined index: wdten in /var/www/html/rpb/src/background/logging.php on line 93
PHP Notice:  Undefined index: serverip in /var/www/html/rpb/src/background/logging.php on line 94
PHP Notice:  Undefined index: wdttime in /var/www/html/rpb/src/background/logging.php on line 95
PHP Notice:  Undefined index: wdten in /var/www/html/rpb/src/background/logging.php on line 93
PHP Notice:  Undefined index: serverip in /var/www/html/rpb/src/background/logging.php on line 94
PHP Notice:  Undefined index: wdttime in /var/www/html/rpb/src/background/logging.php on line 95
PHP Notice:  fwrite(): send of 2 bytes failed with errno=32 Broken pipe in /var/www/html/rpb/src/reference/phpMQTT/phpMQTT.php on line 215
PHP Notice:  fwrite(): send of 2 bytes failed with errno=32 Broken pipe in /var/www/html/rpb/src/reference/phpMQTT/phpMQTT.php on line 215
PHP Notice:  Undefined index: wdten in /var/www/html/rpb/src/background/logging.php on line 93
PHP Notice:  Undefined index: serverip in /var/www/html/rpb/src/background/logging.php on line 94
PHP Notice:  Undefined index: wdttime in /var/www/html/rpb/src/background/logging.php on line 95
PHP Notice:  fwrite(): send of 2 bytes failed with errno=32 Broken pipe in /var/www/html/rpb/src/reference/phpMQTT/phpMQTT.php on line 215
PHP Notice:  fwrite(): send of 2 bytes failed with errno=32 Broken pipe in /var/www/html/rpb/src/reference/phpMQTT/phpMQTT.php on line 215

	PHP Notice:  Undefined index: wdten in /var/www/html/rpb/src/background/logging.php on line 93
PHP Notice:  Undefined index: serverip in /var/www/html/rpb/src/background/logging.php on line 94
PHP Notice:  Undefined index: wdttime in /var/www/html/rpb/src/background/logging.php on line 95

	
	PHP Notice:  fwrite(): send of 2 bytes failed with errno=32 Broken pipe in /var/www/html/rpb/src/reference/phpMQTT/phpMQTT.php on line 215

	
	
	
	
	PHP Notice:  fwrite(): send of 2 bytes failed with errno=32 Broken pipe in /var/www/html/rpb/src/reference/phpMQTT/phpMQTT.php on line 215
